# JRE version: OpenJDK Runtime Environment (11.0.8+10) (build 11.0.8+10-b944.6842174)
# Java VM: OpenJDK 64-Bit Server VM (11.0.8+10-b944.6842174, mixed mode, tiered, compressed oops, g1 gc, windows-amd64)
Heap:
 garbage-first heap   total 189440K, used 61290K [0x0000000080000000, 0x0000000100000000)
  region size 1024K, 10 young (10240K), 10 survivors (10240K)
 Metaspace       used 53311K, capacity 54796K, committed 54912K, reserved 1097728K
  class space    used 6796K, capacity 7251K, committed 7296K, reserved 1048576K
GC Heap History (19 events):
Event: 0.577 GC heap before
{Heap before GC invocations=0 (full 0):
 garbage-first heap   total 131072K, used 19456K [0x0000000080000000, 0x0000000100000000)
  region size 1024K, 14 young (14336K), 0 survivors (0K)
 Metaspace       used 7466K, capacity 7615K, committed 7680K, reserved 1056768K
  class space    used 687K, capacity 748K, committed 768K, reserved 1048576K
}
Event: 0.581 GC heap after
{Heap after GC invocations=1 (full 0):
 garbage-first heap   total 131072K, used 7641K [0x0000000080000000, 0x0000000100000000)
  region size 1024K, 2 young (2048K), 2 survivors (2048K)
 Metaspace       used 7466K, capacity 7615K, committed 7680K, reserved 1056768K
  class space    used 687K, capacity 748K, committed 768K, reserved 1048576K
}
Event: 0.930 GC heap before
{Heap before GC invocations=1 (full 0):
 garbage-first heap   total 131072K, used 18905K [0x0000000080000000, 0x0000000100000000)
  region size 1024K, 13 young (13312K), 2 survivors (2048K)
 Metaspace       used 10438K, capacity 10644K, committed 11008K, reserved 1058816K
  class space    used 1100K, capacity 1164K, committed 1280K, reserved 1048576K
}
Event: 0.933 GC heap after
{Heap after GC invocations=2 (full 0):
 garbage-first heap   total 131072K, used 8636K [0x0000000080000000, 0x0000000100000000)
  region size 1024K, 1 young (1024K), 1 survivors (1024K)
 Metaspace       used 10438K, capacity 10644K, committed 11008K, reserved 1058816K
  class space    used 1100K, capacity 1164K, committed 1280K, reserved 1048576K
}
Event: 1.274 GC heap before
{Heap before GC invocations=2 (full 0):
 garbage-first heap   total 131072K, used 36284K [0x0000000080000000, 0x0000000100000000)
  region size 1024K, 28 young (28672K), 1 survivors (1024K)
 Metaspace       used 10622K, capacity 10773K, committed 11008K, reserved 1058816K
  class space    used 1101K, capacity 1164K, committed 1280K, reserved 1048576K
}
Event: 1.278 GC heap after
{Heap after GC invocations=3 (full 0):
 garbage-first heap   total 131072K, used 12421K [0x0000000080000000, 0x0000000100000000)
  region size 1024K, 4 young (4096K), 4 survivors (4096K)
 Metaspace       used 10622K, capacity 10773K, committed 11008K, reserved 1058816K
  class space    used 1101K, capacity 1164K, committed 1280K, reserved 1048576K
}
Event: 2.662 GC heap before
{Heap before GC invocations=3 (full 0):
 garbage-first heap   total 131072K, used 52357K [0x0000000080000000, 0x0000000100000000)
  region size 1024K, 43 young (44032K), 4 survivors (4096K)
 Metaspace       used 18393K, capacity 18757K, committed 19072K, reserved 1067008K
  class space    used 2202K, capacity 2337K, committed 2432K, reserved 1048576K
}
Event: 2.672 GC heap after
{Heap after GC invocations=4 (full 0):
 garbage-first heap   total 131072K, used 16007K [0x0000000080000000, 0x0000000100000000)
  region size 1024K, 4 young (4096K), 4 survivors (4096K)
 Metaspace       used 18393K, capacity 18757K, committed 19072K, reserved 1067008K
  class space    used 2202K, capacity 2337K, committed 2432K, reserved 1048576K
}
Event: 2.927 GC heap before
{Heap before GC invocations=4 (full 0):
 garbage-first heap   total 131072K, used 31367K [0x0000000080000000, 0x0000000100000000)
  region size 1024K, 20 young (20480K), 4 survivors (4096K)
 Metaspace       used 20607K, capacity 21108K, committed 21248K, reserved 1067008K
  class space    used 2529K, capacity 2721K, committed 2816K, reserved 1048576K
}
Event: 2.934 GC heap after
{Heap after GC invocations=5 (full 0):
 garbage-first heap   total 131072K, used 16675K [0x0000000080000000, 0x0000000100000000)
  region size 1024K, 4 young (4096K), 4 survivors (4096K)
 Metaspace       used 20607K, capacity 21108K, committed 21248K, reserved 1067008K
  class space    used 2529K, capacity 2721K, committed 2816K, reserved 1048576K
}
Event: 4.262 GC heap before
{Heap before GC invocations=6 (full 0):
 garbage-first heap   total 131072K, used 78115K [0x0000000080000000, 0x0000000100000000)
  region size 1024K, 56 young (57344K), 4 survivors (4096K)
 Metaspace       used 26097K, capacity 26868K, committed 27008K, reserved 1073152K
  class space    used 3404K, capacity 3649K, committed 3712K, reserved 1048576K
}
Event: 4.274 GC heap after
{Heap after GC invocations=7 (full 0):
 garbage-first heap   total 157696K, used 29864K [0x0000000080000000, 0x0000000100000000)
  region size 1024K, 7 young (7168K), 7 survivors (7168K)
 Metaspace       used 26097K, capacity 26868K, committed 27008K, reserved 1073152K
  class space    used 3404K, capacity 3649K, committed 3712K, reserved 1048576K
}
Event: 5.547 GC heap before
{Heap before GC invocations=7 (full 0):
 garbage-first heap   total 157696K, used 81064K [0x0000000080000000, 0x0000000100000000)
  region size 1024K, 59 young (60416K), 7 survivors (7168K)
 Metaspace       used 35059K, capacity 35803K, committed 35840K, reserved 1081344K
  class space    used 4550K, capacity 4830K, committed 4864K, reserved 1048576K
}
Event: 5.559 GC heap after
{Heap after GC invocations=8 (full 0):
 garbage-first heap   total 157696K, used 33781K [0x0000000080000000, 0x0000000100000000)
  region size 1024K, 9 young (9216K), 9 survivors (9216K)
 Metaspace       used 35059K, capacity 35803K, committed 35840K, reserved 1081344K
  class space    used 4550K, capacity 4830K, committed 4864K, reserved 1048576K
}
Event: 7.348 GC heap before
{Heap before GC invocations=9 (full 0):
 garbage-first heap   total 157696K, used 112629K [0x0000000080000000, 0x0000000100000000)
  region size 1024K, 76 young (77824K), 9 survivors (9216K)
 Metaspace       used 42063K, capacity 43135K, committed 43392K, reserved 1087488K
  class space    used 5301K, capacity 5671K, committed 5760K, reserved 1048576K
}
Event: 7.364 GC heap after
{Heap after GC invocations=10 (full 0):
 garbage-first heap   total 157696K, used 46757K [0x0000000080000000, 0x0000000100000000)
  region size 1024K, 10 young (10240K), 10 survivors (10240K)
 Metaspace       used 42063K, capacity 43135K, committed 43392K, reserved 1087488K
  class space    used 5301K, capacity 5671K, committed 5760K, reserved 1048576K
}
Event: 9.670 GC heap before
{Heap before GC invocations=10 (full 0):
 garbage-first heap   total 157696K, used 117413K [0x0000000080000000, 0x0000000100000000)
  region size 1024K, 79 young (80896K), 10 survivors (10240K)
 Metaspace       used 46685K, capacity 47959K, committed 48128K, reserved 1091584K
  class space    used 5985K, capacity 6399K, committed 6400K, reserved 1048576K
}
Event: 9.688 GC heap after
{Heap after GC invocations=11 (full 0):
 garbage-first heap   total 157696K, used 51250K [0x0000000080000000, 0x0000000100000000)
  region size 1024K, 5 young (5120K), 5 survivors (5120K)
 Metaspace       used 46685K, capacity 47959K, committed 48128K, reserved 1091584K
  class space    used 5985K, capacity 6399K, committed 6400K, reserved 1048576K
}
Event: 21.660 GC heap before
{Heap before GC invocations=11 (full 0):
 garbage-first heap   total 157696K, used 122930K [0x0000000080000000, 0x0000000100000000)
  region size 1024K, 73 young (74752K), 5 survivors (5120K)
 Metaspace       used 53311K, capacity 54796K, committed 54912K, reserved 1097728K
  class space    used 6796K, capacity 7251K, committed 7296K, reserved 1048576K
}

